SF:lib/core/helper/dio_helper.dart
DA:8,1
DA:12,1
DA:16,1
DA:18,0
DA:19,0
DA:23,1
DA:26,2
DA:30,2
DA:31,1
DA:33,2
DA:34,1
DA:35,1
DA:38,1
DA:40,2
DA:42,2
DA:44,2
DA:46,2
DA:48,2
DA:52,2
DA:54,0
LF:20
LH:17
end_of_record
SF:lib/app/data/datasources/book_local_data_source.dart
DA:10,1
DA:14,0
DA:16,0
DA:17,0
DA:19,0
DA:23,1
DA:27,2
DA:28,0
DA:29,0
DA:32,0
DA:34,1
DA:38,1
DA:40,2
DA:41,0
DA:43,1
LF:15
LH:7
end_of_record
SF:lib/app/data/model/book_model.dart
DA:12,4
DA:26,0
DA:27,0
DA:42,2
DA:43,2
DA:44,2
DA:45,2
DA:46,4
DA:47,4
DA:48,4
DA:49,4
DA:50,4
DA:51,2
DA:52,2
DA:53,4
DA:54,2
DA:58,1
DA:59,1
DA:60,1
DA:61,1
DA:62,3
DA:64,3
DA:65,1
DA:66,1
DA:67,1
DA:68,1
DA:69,1
DA:70,1
DA:71,1
DA:75,0
DA:76,0
DA:77,0
DA:78,0
DA:79,0
DA:80,0
DA:81,0
DA:82,0
DA:83,0
DA:84,0
DA:85,0
DA:86,0
DA:87,0
DA:91,0
DA:92,0
DA:93,0
DA:94,0
DA:95,0
DA:96,0
DA:97,0
DA:98,0
DA:99,0
DA:100,0
DA:101,0
DA:102,0
DA:103,0
DA:107,0
DA:108,0
DA:109,0
DA:110,0
DA:111,0
DA:112,0
DA:113,0
DA:114,0
DA:115,0
DA:116,0
DA:117,0
DA:118,0
DA:119,0
DA:120,0
DA:121,0
DA:122,0
DA:123,0
DA:124,0
DA:125,0
DA:126,0
DA:127,0
DA:128,0
DA:129,0
DA:133,0
DA:134,0
DA:135,0
DA:136,0
DA:137,0
DA:138,0
DA:139,0
DA:140,0
DA:141,0
DA:142,0
DA:143,0
DA:144,0
DA:145,0
DA:146,0
DA:147,0
DA:148,0
DA:149,0
DA:150,0
DA:151,0
DA:152,0
DA:153,0
DA:154,0
DA:155,0
LF:101
LH:27
end_of_record
SF:lib/app/data/model/book_model.g.dart
DA:9,0
DA:10,0
DA:11,0
DA:12,0
DA:13,0
DA:14,0
DA:15,0
DA:16,0
DA:17,0
DA:18,0
DA:19,0
DA:20,0
DA:21,0
DA:22,0
DA:23,0
DA:24,0
DA:25,0
DA:26,0
DA:27,0
DA:28,0
DA:29,0
DA:30,0
DA:33,0
DA:34,0
DA:35,0
DA:36,0
DA:37,0
DA:38,0
DA:39,0
DA:40,0
DA:41,0
DA:42,0
DA:43,0
DA:44,0
LF:34
LH:0
end_of_record
SF:lib/core/realm/realm_model.realm.dart
DA:12,0
DA:25,0
DA:26,0
DA:27,0
DA:28,0
DA:29,0
DA:30,0
DA:31,0
DA:32,0
DA:33,0
DA:34,0
DA:35,0
DA:38,0
DA:40,0
DA:41,0
DA:42,0
DA:43,0
DA:45,0
DA:46,0
DA:47,0
DA:48,0
DA:50,0
DA:51,0
DA:52,0
DA:53,0
DA:55,0
DA:57,0
DA:58,0
DA:60,0
DA:62,0
DA:64,0
DA:65,0
DA:66,0
DA:68,0
DA:70,0
DA:71,0
DA:73,0
DA:75,0
DA:77,0
DA:78,0
DA:79,0
DA:81,0
DA:82,0
DA:83,0
DA:84,0
DA:86,0
DA:88,0
DA:89,0
DA:90,0
DA:92,0
DA:93,0
DA:94,0
DA:95,0
DA:97,0
DA:99,0
DA:100,0
DA:102,0
DA:104,0
DA:106,0
DA:108,0
DA:110,0
DA:112,0
DA:113,0
DA:115,0
DA:116,0
DA:117,0
DA:118,0
DA:119,0
DA:120,0
DA:121,0
DA:122,0
DA:123,0
DA:124,0
DA:125,0
DA:126,0
DA:127,0
DA:131,0
DA:132,0
DA:134,0
DA:135,0
DA:136,0
DA:137,0
DA:138,0
DA:139,0
DA:140,0
DA:141,0
DA:142,0
DA:143,0
DA:144,0
DA:145,0
DA:147,0
DA:148,0
DA:149,0
DA:150,0
DA:151,0
DA:152,0
DA:153,0
DA:154,0
DA:155,0
DA:156,0
DA:157,0
DA:158,0
DA:160,0
DA:164,0
DA:165,0
DA:166,0
DA:167,0
DA:168,0
DA:169,0
DA:170,0
DA:171,0
DA:172,0
DA:173,0
DA:174,0
DA:175,0
DA:176,0
DA:177,0
DA:178,0
DA:180,0
DA:182,0
DA:183,0
DA:188,0
DA:201,0
DA:202,0
DA:203,0
DA:204,0
DA:205,0
DA:206,0
DA:207,0
DA:208,0
DA:209,0
DA:210,0
DA:211,0
DA:214,0
DA:216,0
DA:217,0
DA:218,0
DA:219,0
DA:221,0
DA:222,0
DA:223,0
DA:224,0
DA:226,0
DA:227,0
DA:228,0
DA:229,0
DA:231,0
DA:233,0
DA:234,0
DA:236,0
DA:238,0
DA:240,0
DA:241,0
DA:242,0
DA:244,0
DA:246,0
DA:247,0
DA:249,0
DA:251,0
DA:253,0
DA:254,0
DA:255,0
DA:257,0
DA:258,0
DA:259,0
DA:260,0
DA:262,0
DA:264,0
DA:265,0
DA:266,0
DA:268,0
DA:269,0
DA:270,0
DA:271,0
DA:273,0
DA:275,0
DA:276,0
DA:278,0
DA:280,0
DA:282,0
DA:284,0
DA:287,0
DA:289,0
DA:291,0
DA:293,0
DA:294,0
DA:295,0
DA:296,0
DA:297,0
DA:298,0
DA:299,0
DA:300,0
DA:301,0
DA:302,0
DA:303,0
DA:304,0
DA:305,0
DA:309,0
DA:310,0
DA:312,0
DA:313,0
DA:314,0
DA:315,0
DA:316,0
DA:317,0
DA:318,0
DA:319,0
DA:320,0
DA:321,0
DA:322,0
DA:323,0
DA:325,0
DA:326,0
DA:327,0
DA:328,0
DA:329,0
DA:330,0
DA:331,0
DA:332,0
DA:333,0
DA:334,0
DA:335,0
DA:336,0
DA:338,0
DA:342,6
DA:343,2
DA:344,2
DA:345,2
DA:346,2
DA:347,2
DA:348,2
DA:349,2
DA:350,2
DA:351,2
DA:352,2
DA:353,2
DA:354,2
DA:355,2
DA:356,2
DA:357,2
DA:359,2
DA:361,0
DA:362,0
LF:243
LH:17
end_of_record
SF:lib/app/data/model/person_model.dart
DA:8,0
DA:18,0
DA:19,0
DA:21,0
DA:23,0
DA:24,0
DA:25,0
DA:26,0
DA:27,0
DA:31,0
DA:32,0
DA:33,0
DA:34,0
DA:35,0
LF:14
LH:0
end_of_record
SF:lib/app/data/model/person_model.g.dart
DA:9,0
DA:10,0
DA:11,0
DA:12,0
DA:15,0
DA:16,0
DA:17,0
DA:18,0
DA:19,0
LF:9
LH:0
end_of_record
SF:lib/app/domain/entities/book_entity.dart
DA:4,3
DA:30,0
DA:31,0
DA:32,0
DA:35,0
DA:37,0
DA:38,0
DA:39,0
LF:8
LH:1
end_of_record
SF:lib/app/domain/entities/person_entity.dart
DA:2,0
LF:1
LH:0
end_of_record
SF:lib/app/data/datasources/book_remote_data_source.dart
DA:10,0
DA:14,0
DA:17,0
DA:19,0
DA:20,0
DA:23,0
DA:25,0
DA:26,0
DA:27,0
DA:28,0
DA:29,0
DA:30,0
DA:35,0
DA:38,0
DA:40,0
DA:41,0
DA:42,0
DA:43,0
DA:44,0
DA:45,0
LF:20
LH:0
end_of_record
SF:lib/app/data/model/api_response_model.dart
DA:9,1
DA:21,0
DA:22,0
DA:24,1
DA:25,1
DA:26,1
DA:27,5
DA:28,1
DA:29,1
LF:9
LH:7
end_of_record
SF:lib/app/data/model/api_response_model.g.dart
DA:9,0
DA:10,0
DA:11,0
DA:12,0
DA:13,0
DA:14,0
DA:15,0
DA:16,0
DA:19,0
DA:20,0
DA:21,0
DA:22,0
DA:23,0
DA:24,0
LF:14
LH:0
end_of_record
SF:lib/app/domain/entities/api_response_entity.dart
DA:4,2
LF:1
LH:1
end_of_record
SF:lib/app/domain/repositories/book_repository.dart
DA:10,1
DA:18,1
DA:21,2
DA:23,1
DA:24,0
DA:25,1
DA:26,2
DA:28,3
DA:30,2
DA:35,0
DA:38,0
DA:40,0
DA:41,0
DA:42,0
DA:46,0
DA:47,0
DA:49,0
DA:50,0
DA:51,0
DA:52,0
DA:53,0
DA:54,0
LF:22
LH:8
end_of_record
SF:lib/app/presentation/cubits/book_list/book_list_cubit.dart
DA:12,3
DA:16,1
DA:17,4
DA:19,2
DA:21,1
DA:22,0
DA:23,0
DA:25,1
DA:27,3
DA:28,1
DA:29,1
DA:30,1
DA:35,1
DA:40,0
DA:41,0
DA:43,0
DA:45,0
DA:46,0
DA:47,0
DA:48,0
DA:54,0
DA:58,1
DA:59,2
DA:60,2
DA:61,0
DA:63,0
DA:65,0
DA:67,0
DA:68,0
DA:69,0
DA:71,0
DA:72,0
DA:74,0
DA:76,0
DA:77,0
DA:82,0
DA:87,0
DA:88,0
LF:38
LH:14
end_of_record
SF:lib/app/presentation/cubits/book_list/book_list_state.dart
DA:14,1
LF:1
LH:1
end_of_record
SF:lib/app/data/datasources/favorite_book_local_data_source.dart
DA:10,1
DA:14,1
DA:18,3
DA:19,0
DA:21,0
DA:22,0
DA:23,0
DA:26,0
DA:28,1
DA:32,1
DA:36,2
DA:38,0
DA:39,0
DA:42,0
DA:44,1
DA:48,1
DA:50,2
DA:52,3
DA:54,1
LF:19
LH:11
end_of_record
SF:lib/app/domain/repositories/favorite_book_repository.dart
DA:10,1
DA:16,1
DA:19,1
DA:20,2
DA:22,1
DA:23,0
DA:24,2
DA:28,1
DA:29,2
DA:31,1
DA:32,0
DA:33,6
DA:37,1
DA:38,2
DA:40,1
DA:41,0
DA:42,2
LF:17
LH:14
end_of_record
SF:lib/app/presentation/cubits/favorite_book/favorite_book_state.dart
DA:9,1
LF:1
LH:1
end_of_record
SF:lib/app/presentation/cubits/favorite_book/favorite_book_cubit.dart
DA:13,3
DA:17,1
DA:18,2
DA:19,2
DA:21,3
DA:23,1
DA:26,1
DA:27,2
DA:28,2
DA:29,4
DA:33,1
DA:34,7
DA:36,1
LF:13
LH:13
end_of_record
